Построение начато 06.05.2018 14:14:23.
     1>Проект "C:\Users\Влад\Documents\Visual Studio 2010\Projects\Vlad Lab 15\Vlad Lab 15\Vlad Lab 15.vcxproj" в узле 2 (целевые объекты build).
     1>InitializeBuildStatus:
         Создание "Debug\Vlad Lab 15.unsuccessfulbuild", так как было задано "AlwaysCreate".
       ClCompile:
         Для всех выходных данных обновления не требуется.
         C:\Program Files (x86)\Microsoft Visual Studio 10.0\VC\bin\CL.exe /c /ZI /nologo /W3 /WX- /Od /Oy- /D WIN32 /D _DEBUG /D _CONSOLE /D _UNICODE /D UNICODE /Gm /EHsc /RTC1 /MDd /GS /fp:precise /Zc:wchar_t /Zc:forScope /Yu"StdAfx.h" /Fp"Debug\Vlad Lab 15.pch" /Fo"Debug\\" /Fd"Debug\vc100.pdb" /Gd /TP /analyze- /errorReport:prompt "Vlad Lab 15.cpp"
         Vlad Lab 15.cpp
       ManifestResourceCompile:
         Для всех выходных данных обновления не требуется.
       Link:
         C:\Program Files (x86)\Microsoft Visual Studio 10.0\VC\bin\link.exe /ERRORREPORT:PROMPT /OUT:"C:\Users\Влад\Documents\Visual Studio 2010\Projects\Vlad Lab 15\Debug\Vlad Lab 15.exe" /INCREMENTAL /NOLOGO kernel32.lib user32.lib gdi32.lib winspool.lib comdlg32.lib advapi32.lib shell32.lib ole32.lib oleaut32.lib uuid.lib odbc32.lib odbccp32.lib /MANIFEST /ManifestFile:"Debug\Vlad Lab 15.exe.intermediate.manifest" /MANIFESTUAC:"level='asInvoker' uiAccess='false'" /DEBUG /PDB:"C:\Users\Влад\Documents\Visual Studio 2010\Projects\Vlad Lab 15\Debug\Vlad Lab 15.pdb" /SUBSYSTEM:CONSOLE /TLBID:1 /DYNAMICBASE /NXCOMPAT /IMPLIB:"C:\Users\Влад\Documents\Visual Studio 2010\Projects\Vlad Lab 15\Debug\Vlad Lab 15.lib" /MACHINE:X86 "Debug\Vlad Lab 15.exe.embed.manifest.res"
         Debug\stdafx.obj
         "Debug\Vlad Lab 15.obj"
       Manifest:
         C:\Program Files (x86)\Microsoft SDKs\Windows\v7.0A\bin\mt.exe /nologo /verbose /out:"Debug\Vlad Lab 15.exe.embed.manifest" /manifest "Debug\Vlad Lab 15.exe.intermediate.manifest"
         Для всех выходных данных обновления не требуется.
       LinkEmbedManifest:
         Для всех выходных данных обновления не требуется.
         Vlad Lab 15.vcxproj -> C:\Users\Влад\Documents\Visual Studio 2010\Projects\Vlad Lab 15\Debug\Vlad Lab 15.exe
       FinalizeBuildStatus:
         Файл "Debug\Vlad Lab 15.unsuccessfulbuild" удаляется.
         Обращение к "Debug\Vlad Lab 15.lastbuildstate".
     1>Построение проекта "C:\Users\Влад\Documents\Visual Studio 2010\Projects\Vlad Lab 15\Vlad Lab 15\Vlad Lab 15.vcxproj" завершено (целевые объекты build).

Построение успешно завершено.

Затраченное время: 00:00:04.55
